00000001-15
00000001-1
00000001-6
00000002-12
00000002
00000004-1
00000005-5
00000006
00000008
00000011
00000013-3
00000015-1
00000016
00000018-3
00000023-1
00000027-2
00000027
00000029-2
00000036
00000037
00000040
00000049
00000051
00000057
00000070
00000079
00000083
00000097
00000099
00000112
00000115
00000132-1
00000133
00000146-1
00000149
00000160
00000172
00000182
00000186
00000216
00000238
00000248
00000266
00000289
00000317
00000350
00000392
00000429
00000471
00000504
00000541
00000574
00000616
00000686
00000756
0001-1
0041
0043
0081
0097
010_023_001
010_228_001
011_258_002
0113
012_015_003
012_116_002
012_247_001
012_376_002
0129
013_306_002
014_309_010
0144
015_022_001
015_170_001
015_321_001
0153
0169
0183
0185
0209
022_141_001
0257
026_294_001
0273
027a
028_040_002
0298
0305
0321
0328
033_013_003
0345
0351
036_067_001
0361
0377
0393
0409
0433
045_437_001
0473
0489
0505
051_238_001
0537
0561
059_216_001
060_110_001
0609
062_005_003
0657
0673
0689
0705
071_165_001
0721
073_081_002
0745
080_160_001
083_147_002
087_163_002
088_030_002
088_112_002
088_287_001
1114
79
HS_100_719_object_125345
HS_101_651_object_114922
HS_102_76_object_115551
HS_105_377_object_117747
HS_113_311_object_128120
HS_138_3_object_209718
HS_69_338_object_129734
HS_74_499_object_135641
HS_75_638_object_136752
HS_76_70_object_123430
HS_78_374_object_107649
HS_81_281_object_125954
HS_84_240_object_124198
HS_86_Register_4_object_144229
HS_91_84_object_185168
HS_96_112_object_188893
IMG_MAX_1003709
IMG_MAX_1011396
IMG_MAX_1014469
IMG_MAX_1033967
IMG_MAX_1036028
IMG_MAX_1039794
IMG_MAX_1061349
IMG_MAX_1074790
IMG_MAX_1095535
IMG_MAX_1113761
IMG_MAX_1271283
IMG_MAX_1330564
IMG_MAX_1383448
IMG_MAX_1427072
IMG_MAX_1433973
IMG_MAX_1447271
IMG_MAX_37854
IMG_MAX_63964
IMG_MAX_654837
IMG_MAX_714343
IMG_MAX_767477
IMG_MAX_769936
IMG_MAX_803932
IMG_MAX_811428
IMG_MAX_835310
IMG_MAX_927874
IMG_MAX_933173
IMG_MAX_955056
IMG_MAX_961751
IMG_MAX_963466
M_Aigen_am_Inn_002-01_0000
M_Aigen_am_Inn_007_0084
M_Aigen_am_Inn_007_0210
M_Freyung_010_0085
M_Freyung_010_0211
M_Freyung_010_0337
M_Freyung_010_0463
M_Freyung_011_0038
M_Freyung_011_0164
M_Freyung_011_0290
M_Freyung_011_0416
M_Freyung_011_0542
M_Freyung_012_0053
M_Otterskirchen_008_0090
M_Otterskirchen_009_0040
M_Otterskirchen_009_0169
M_Otterskirchen_010_0033
M_Otterskirchen_010_0159
M_Otterskirchen_010_0293
M_Otterskirchen_011-01_0021
M_Otterskirchen_011-01_0149
RT_Aigen_am_Inn_012-04_0186
S_Aigen_am_Inn_009-05_0091
S_Freyung_017_0168
S_Freyung_017_0292
S_Freyung_018_0171
S_Freyung_018_0297
S_Freyung_019_0213
T_Aigen_am_Inn_001_0056
T_Freyung_001_0192
